<?xml version="1.0" encoding="UTF-8"?>
<testng-results skipped="0" failed="0" ignored="0" total="2" passed="2">
  <reporter-output>
  </reporter-output>
  <suite name="Command line suite" duration-ms="35959" started-at="2018-02-06T06:40:44Z" finished-at="2018-02-06T06:41:20Z">
    <groups>
    </groups>
    <test name="Command line test" duration-ms="35959" started-at="2018-02-06T06:40:44Z" finished-at="2018-02-06T06:41:20Z">
      <class name="com.SelVer381.Test0002">
        <test-method status="PASS" signature="test02()[pri:0, instance:com.SelVer381.Test0002@30c7da1e]" name="test02" duration-ms="20611" started-at="2018-02-06T12:10:44Z" finished-at="2018-02-06T12:11:05Z">
          <reporter-output>
          </reporter-output>
        </test-method> <!-- test02 -->
        <test-method status="PASS" signature="test03()[pri:0, instance:com.SelVer381.Test0002@30c7da1e]" name="test03" duration-ms="15303" started-at="2018-02-06T12:11:05Z" finished-at="2018-02-06T12:11:20Z">
          <reporter-output>
          </reporter-output>
        </test-method> <!-- test03 -->
      </class> <!-- com.SelVer381.Test0002 -->
    </test> <!-- Command line test -->
  </suite> <!-- Command line suite -->
</testng-results>
