<?xml version="1.0" encoding="UTF-8"?>
<testng-results skipped="0" failed="0" ignored="0" total="2" passed="2">
  <reporter-output>
  </reporter-output>
  <suite name="Command line suite" duration-ms="57830" started-at="2018-01-23T08:39:10Z" finished-at="2018-01-23T08:40:07Z">
    <groups>
    </groups>
    <test name="Command line test" duration-ms="57830" started-at="2018-01-23T08:39:10Z" finished-at="2018-01-23T08:40:07Z">
      <class name="com.SelVer381.Test0002">
        <test-method status="PASS" signature="test02()[pri:0, instance:com.SelVer381.Test0002@340f438e]" name="test02" duration-ms="44552" started-at="2018-01-23T14:09:10Z" finished-at="2018-01-23T14:09:54Z">
          <reporter-output>
          </reporter-output>
        </test-method> <!-- test02 -->
        <test-method status="PASS" signature="test03()[pri:0, instance:com.SelVer381.Test0002@340f438e]" name="test03" duration-ms="13213" started-at="2018-01-23T14:09:54Z" finished-at="2018-01-23T14:10:07Z">
          <reporter-output>
          </reporter-output>
        </test-method> <!-- test03 -->
      </class> <!-- com.SelVer381.Test0002 -->
    </test> <!-- Command line test -->
  </suite> <!-- Command line suite -->
</testng-results>
